2017-02-09 12:10:34,477 [Worker-0] INFO  c.g.t.t.d.PublishedGradleVersions - Gradle version information cache is up-to-date. Trying to read.
2017-02-09 12:12:19,672 [Worker-8] INFO  o.e.m.c.i.l.LifecycleMappingFactory - Using org.eclipse.m2e.jdt.JarLifecycleMapping lifecycle mapping for MavenProject: DSCT-Learning-Projects:Project-1-Console-Interpreter:0.0.1-SNAPSHOT @ E:\Github\DSCT-Learning\Project-1-Console-Interpreter\pom.xml.
2017-02-09 12:12:21,704 [Worker-8] INFO  o.e.m.j.i.AbstractJavaProjectConfigurator - Adding source folder /Project-1-Console-Interpreter/src/main/java
2017-02-09 12:12:21,707 [Worker-8] INFO  o.e.m.j.i.AbstractJavaProjectConfigurator - Adding resource folder /Project-1-Console-Interpreter/src/main/resources
2017-02-09 12:12:21,709 [Worker-8] INFO  o.e.m.j.i.AbstractJavaProjectConfigurator - Adding source folder /Project-1-Console-Interpreter/src/test/java
2017-02-09 12:12:21,710 [Worker-8] INFO  o.e.m.j.i.AbstractJavaProjectConfigurator - Adding resource folder /Project-1-Console-Interpreter/src/test/resources
2017-02-09 12:12:25,984 [Worker-1] WARN  o.e.m.c.i.embedder.EclipseLogger - Using platform encoding (Cp1251 actually) to copy filtered resources, i.e. build is platform dependent!
2017-02-09 12:12:26,047 [Worker-1] INFO  o.e.m.c.i.embedder.EclipseLogger - Copying 0 resource
2017-02-09 12:12:26,051 [Worker-1] WARN  o.e.m.c.i.embedder.EclipseLogger - Using platform encoding (Cp1251 actually) to copy filtered resources, i.e. build is platform dependent!
2017-02-09 12:12:26,060 [Worker-1] INFO  o.e.m.c.i.embedder.EclipseLogger - Copying 0 resource
2017-02-09 12:15:34,294 [Worker-11] INFO  o.e.m.c.i.l.LifecycleMappingFactory - Using org.eclipse.m2e.jdt.JarLifecycleMapping lifecycle mapping for MavenProject: DSCT-Learning-Projects:Project-1-Console-Interpreter:0.0.1-SNAPSHOT @ E:\Github\DSCT-Learning\Project-1-Console-Interpreter\pom.xml.
2017-02-09 12:15:36,188 [Worker-11] WARN  o.e.m.c.i.embedder.EclipseLogger - Using platform encoding (Cp1251 actually) to copy filtered resources, i.e. build is platform dependent!
2017-02-09 12:15:36,262 [Worker-11] INFO  o.e.m.c.i.embedder.EclipseLogger - Copying 0 resource
2017-02-09 12:15:36,267 [Worker-11] WARN  o.e.m.c.i.embedder.EclipseLogger - Using platform encoding (Cp1251 actually) to copy filtered resources, i.e. build is platform dependent!
2017-02-09 12:15:36,287 [Worker-11] INFO  o.e.m.c.i.embedder.EclipseLogger - Copying 0 resource
2017-02-09 12:19:26,087 [Worker-7] INFO  o.e.m.c.i.p.ProjectConfigurationManager - Update started
2017-02-09 12:19:26,624 [Worker-7] INFO  o.e.m.c.i.l.LifecycleMappingFactory - Using org.eclipse.m2e.jdt.JarLifecycleMapping lifecycle mapping for MavenProject: DSCT-Learning-Projects:Project-1-Console-Interpreter:0.0.1-SNAPSHOT @ E:\Github\DSCT-Learning\Project-1-Console-Interpreter\pom.xml.
2017-02-09 12:19:27,039 [Worker-7] INFO  o.e.m.j.i.AbstractJavaProjectConfigurator - Adding source folder /Project-1-Console-Interpreter/src/main/java
2017-02-09 12:19:27,039 [Worker-7] INFO  o.e.m.j.i.AbstractJavaProjectConfigurator - Adding resource folder /Project-1-Console-Interpreter/src/main/resources
2017-02-09 12:19:27,040 [Worker-7] INFO  o.e.m.j.i.AbstractJavaProjectConfigurator - Adding source folder /Project-1-Console-Interpreter/src/test/java
2017-02-09 12:19:27,041 [Worker-7] INFO  o.e.m.j.i.AbstractJavaProjectConfigurator - Adding resource folder /Project-1-Console-Interpreter/src/test/resources
2017-02-09 12:19:27,590 [Worker-7] INFO  o.e.m.c.i.p.ProjectConfigurationManager - Update completed: 1 sec
2017-02-09 12:19:27,781 [Worker-11] WARN  o.e.m.c.i.embedder.EclipseLogger - Using platform encoding (Cp1251 actually) to copy filtered resources, i.e. build is platform dependent!
2017-02-09 12:19:27,794 [Worker-11] INFO  o.e.m.c.i.embedder.EclipseLogger - Copying 0 resource
2017-02-09 12:19:27,799 [Worker-11] WARN  o.e.m.c.i.embedder.EclipseLogger - Using platform encoding (Cp1251 actually) to copy filtered resources, i.e. build is platform dependent!
2017-02-09 12:19:27,814 [Worker-11] INFO  o.e.m.c.i.embedder.EclipseLogger - Copying 0 resource
2017-02-09 12:22:51,203 [Worker-6] WARN  o.e.m.c.i.embedder.EclipseLogger - Using platform encoding (Cp1251 actually) to copy filtered resources, i.e. build is platform dependent!
2017-02-09 12:22:51,234 [Worker-6] INFO  o.e.m.c.i.embedder.EclipseLogger - Copying 0 resource
2017-02-09 12:22:51,237 [Worker-6] WARN  o.e.m.c.i.embedder.EclipseLogger - Using platform encoding (Cp1251 actually) to copy filtered resources, i.e. build is platform dependent!
2017-02-09 12:22:51,250 [Worker-6] INFO  o.e.m.c.i.embedder.EclipseLogger - Copying 0 resource
2017-02-09 12:22:52,276 [Worker-7] WARN  o.e.m.c.i.embedder.EclipseLogger - Using platform encoding (Cp1251 actually) to copy filtered resources, i.e. build is platform dependent!
2017-02-09 12:22:52,292 [Worker-7] INFO  o.e.m.c.i.embedder.EclipseLogger - Copying 0 resource
2017-02-09 12:22:52,294 [Worker-7] WARN  o.e.m.c.i.embedder.EclipseLogger - Using platform encoding (Cp1251 actually) to copy filtered resources, i.e. build is platform dependent!
2017-02-09 12:22:52,308 [Worker-7] INFO  o.e.m.c.i.embedder.EclipseLogger - Copying 0 resource
2017-02-09 12:24:13,406 [Worker-16] WARN  o.e.m.c.i.embedder.EclipseLogger - Using platform encoding (Cp1251 actually) to copy filtered resources, i.e. build is platform dependent!
2017-02-09 12:24:13,417 [Worker-16] INFO  o.e.m.c.i.embedder.EclipseLogger - Copying 0 resource
2017-02-09 12:24:13,421 [Worker-16] WARN  o.e.m.c.i.embedder.EclipseLogger - Using platform encoding (Cp1251 actually) to copy filtered resources, i.e. build is platform dependent!
2017-02-09 12:24:13,435 [Worker-16] INFO  o.e.m.c.i.embedder.EclipseLogger - Copying 0 resource
2017-02-09 12:28:14,599 [Worker-6] WARN  o.e.m.c.i.embedder.EclipseLogger - Using platform encoding (Cp1251 actually) to copy filtered resources, i.e. build is platform dependent!
2017-02-09 12:28:14,613 [Worker-6] INFO  o.e.m.c.i.embedder.EclipseLogger - Copying 0 resource
2017-02-09 12:28:14,617 [Worker-6] WARN  o.e.m.c.i.embedder.EclipseLogger - Using platform encoding (Cp1251 actually) to copy filtered resources, i.e. build is platform dependent!
2017-02-09 12:28:14,630 [Worker-6] INFO  o.e.m.c.i.embedder.EclipseLogger - Copying 0 resource
2017-02-09 12:28:45,349 [Worker-6] INFO  o.e.m.c.i.p.ProjectConfigurationManager - Update started
2017-02-09 12:28:48,114 [Worker-6] INFO  o.e.m.c.i.l.LifecycleMappingFactory - Using org.eclipse.m2e.jdt.JarLifecycleMapping lifecycle mapping for MavenProject: DSCT-Learning-Projects:Project-1-Console-Interpreter:0.0.1-SNAPSHOT @ E:\Github\DSCT-Learning\Project-1-Console-Interpreter\pom.xml.
2017-02-09 12:28:49,044 [Worker-6] INFO  o.e.m.j.i.AbstractJavaProjectConfigurator - Adding source folder /Project-1-Console-Interpreter/src/main/java
2017-02-09 12:28:49,045 [Worker-6] INFO  o.e.m.j.i.AbstractJavaProjectConfigurator - Adding resource folder /Project-1-Console-Interpreter/src/main/resources
2017-02-09 12:28:49,046 [Worker-6] INFO  o.e.m.j.i.AbstractJavaProjectConfigurator - Adding source folder /Project-1-Console-Interpreter/src/test/java
2017-02-09 12:28:49,047 [Worker-6] INFO  o.e.m.j.i.AbstractJavaProjectConfigurator - Adding resource folder /Project-1-Console-Interpreter/src/test/resources
2017-02-09 12:28:49,299 [Worker-6] INFO  o.e.m.c.i.p.ProjectConfigurationManager - Update completed: 3 sec
2017-02-09 12:28:49,488 [Worker-14] WARN  o.e.m.c.i.embedder.EclipseLogger - Using platform encoding (Cp1251 actually) to copy filtered resources, i.e. build is platform dependent!
2017-02-09 12:28:49,499 [Worker-14] INFO  o.e.m.c.i.embedder.EclipseLogger - Copying 0 resource
2017-02-09 12:28:49,503 [Worker-14] WARN  o.e.m.c.i.embedder.EclipseLogger - Using platform encoding (Cp1251 actually) to copy filtered resources, i.e. build is platform dependent!
2017-02-09 12:28:49,540 [Worker-14] INFO  o.e.m.c.i.embedder.EclipseLogger - Copying 0 resource
2017-02-09 12:30:08,478 [Worker-16] WARN  o.e.m.c.i.embedder.EclipseLogger - Using platform encoding (Cp1251 actually) to copy filtered resources, i.e. build is platform dependent!
2017-02-09 12:30:08,499 [Worker-16] INFO  o.e.m.c.i.embedder.EclipseLogger - Copying 0 resource
2017-02-09 12:30:08,502 [Worker-16] WARN  o.e.m.c.i.embedder.EclipseLogger - Using platform encoding (Cp1251 actually) to copy filtered resources, i.e. build is platform dependent!
2017-02-09 12:30:08,514 [Worker-16] INFO  o.e.m.c.i.embedder.EclipseLogger - Copying 0 resource
2017-02-09 12:31:42,164 [Worker-14] WARN  o.e.m.c.i.embedder.EclipseLogger - Using platform encoding (Cp1251 actually) to copy filtered resources, i.e. build is platform dependent!
2017-02-09 12:31:42,175 [Worker-14] INFO  o.e.m.c.i.embedder.EclipseLogger - Copying 0 resource
2017-02-09 12:31:42,178 [Worker-14] WARN  o.e.m.c.i.embedder.EclipseLogger - Using platform encoding (Cp1251 actually) to copy filtered resources, i.e. build is platform dependent!
2017-02-09 12:31:42,187 [Worker-14] INFO  o.e.m.c.i.embedder.EclipseLogger - Copying 0 resource
2017-02-09 12:40:19,387 [Worker-6] WARN  o.e.m.c.i.embedder.EclipseLogger - Using platform encoding (Cp1251 actually) to copy filtered resources, i.e. build is platform dependent!
2017-02-09 12:40:19,415 [Worker-6] INFO  o.e.m.c.i.embedder.EclipseLogger - Copying 0 resource
2017-02-09 12:40:19,419 [Worker-6] WARN  o.e.m.c.i.embedder.EclipseLogger - Using platform encoding (Cp1251 actually) to copy filtered resources, i.e. build is platform dependent!
2017-02-09 12:40:19,427 [Worker-6] INFO  o.e.m.c.i.embedder.EclipseLogger - Copying 0 resource
2017-02-09 12:58:37,723 [Worker-24] WARN  o.e.m.c.i.embedder.EclipseLogger - Using platform encoding (Cp1251 actually) to copy filtered resources, i.e. build is platform dependent!
2017-02-09 12:58:37,764 [Worker-24] INFO  o.e.m.c.i.embedder.EclipseLogger - Copying 0 resource
2017-02-09 12:58:37,768 [Worker-24] WARN  o.e.m.c.i.embedder.EclipseLogger - Using platform encoding (Cp1251 actually) to copy filtered resources, i.e. build is platform dependent!
2017-02-09 12:58:37,801 [Worker-24] INFO  o.e.m.c.i.embedder.EclipseLogger - Copying 0 resource
2017-02-09 13:20:08,393 [Worker-26] WARN  o.e.m.c.i.embedder.EclipseLogger - Using platform encoding (Cp1251 actually) to copy filtered resources, i.e. build is platform dependent!
2017-02-09 13:20:08,433 [Worker-26] INFO  o.e.m.c.i.embedder.EclipseLogger - Copying 0 resource
2017-02-09 13:20:08,436 [Worker-26] WARN  o.e.m.c.i.embedder.EclipseLogger - Using platform encoding (Cp1251 actually) to copy filtered resources, i.e. build is platform dependent!
2017-02-09 13:20:08,447 [Worker-26] INFO  o.e.m.c.i.embedder.EclipseLogger - Copying 0 resource
2017-02-09 13:20:15,017 [Worker-26] WARN  o.e.m.c.i.embedder.EclipseLogger - Using platform encoding (Cp1251 actually) to copy filtered resources, i.e. build is platform dependent!
2017-02-09 13:20:15,036 [Worker-26] INFO  o.e.m.c.i.embedder.EclipseLogger - Copying 0 resource
2017-02-09 13:20:15,043 [Worker-26] WARN  o.e.m.c.i.embedder.EclipseLogger - Using platform encoding (Cp1251 actually) to copy filtered resources, i.e. build is platform dependent!
2017-02-09 13:20:15,070 [Worker-26] INFO  o.e.m.c.i.embedder.EclipseLogger - Copying 0 resource
2017-02-09 14:28:55,983 [Worker-32] INFO  o.e.m.c.i.p.ProjectConfigurationManager - Update started
2017-02-09 14:29:03,928 [Worker-32] INFO  o.e.m.c.i.l.LifecycleMappingFactory - Using org.eclipse.m2e.jdt.JarLifecycleMapping lifecycle mapping for MavenProject: DSCT-Learning-Projects:Project-1-Console-Interpreter:0.0.1-SNAPSHOT @ E:\Github\DSCT-Learning\Project-1-Console-Interpreter\pom.xml.
2017-02-09 14:29:07,280 [Worker-32] INFO  o.e.m.j.i.AbstractJavaProjectConfigurator - Adding source folder /Project-1-Console-Interpreter/src/main/java
2017-02-09 14:29:07,281 [Worker-32] INFO  o.e.m.j.i.AbstractJavaProjectConfigurator - Adding resource folder /Project-1-Console-Interpreter/src/main/resources
2017-02-09 14:29:07,282 [Worker-32] INFO  o.e.m.j.i.AbstractJavaProjectConfigurator - Adding source folder /Project-1-Console-Interpreter/src/test/java
2017-02-09 14:29:07,282 [Worker-32] INFO  o.e.m.j.i.AbstractJavaProjectConfigurator - Adding resource folder /Project-1-Console-Interpreter/src/test/resources
2017-02-09 14:29:07,522 [Worker-32] INFO  o.e.m.c.i.p.ProjectConfigurationManager - Update completed: 11 sec
2017-02-09 14:29:08,165 [Worker-35] WARN  o.e.m.c.i.embedder.EclipseLogger - Using platform encoding (Cp1251 actually) to copy filtered resources, i.e. build is platform dependent!
2017-02-09 14:29:08,209 [Worker-35] INFO  o.e.m.c.i.embedder.EclipseLogger - Copying 0 resource
2017-02-09 14:29:08,214 [Worker-35] WARN  o.e.m.c.i.embedder.EclipseLogger - Using platform encoding (Cp1251 actually) to copy filtered resources, i.e. build is platform dependent!
2017-02-09 14:29:08,227 [Worker-35] INFO  o.e.m.c.i.embedder.EclipseLogger - Copying 0 resource
2017-02-09 17:25:22,812 [Worker-3] INFO  c.g.t.t.d.PublishedGradleVersions - Gradle version information cache is up-to-date. Trying to read.
2017-02-09 17:25:35,790 [Worker-13] INFO  o.e.m.c.i.l.LifecycleMappingFactory - Using org.eclipse.m2e.jdt.JarLifecycleMapping lifecycle mapping for MavenProject: DSCT-Learning-Projects:Project-1-Console-Interpreter:0.0.1-SNAPSHOT @ D:\GitHub\DSCT-Learning\Project-1-Console-Interpreter\pom.xml.
2017-02-09 17:25:36,515 [Worker-8] INFO  o.e.m.c.i.l.LifecycleMappingFactory - Using org.eclipse.m2e.jdt.JarLifecycleMapping lifecycle mapping for MavenProject: DSCT-Learning-Projects:Project-1-Console-Interpreter:0.0.1-SNAPSHOT @ D:\GitHub\DSCT-Learning\Project-1-Console-Interpreter\pom.xml.
2017-02-09 17:25:36,999 [Worker-13] WARN  o.e.m.c.i.embedder.EclipseLogger - Using platform encoding (Cp1251 actually) to copy filtered resources, i.e. build is platform dependent!
2017-02-09 17:25:37,007 [Worker-13] INFO  o.e.m.c.i.embedder.EclipseLogger - skip non existing resourceDirectory D:\GitHub\DSCT-Learning\Project-1-Console-Interpreter\src\main\resources
2017-02-09 17:25:37,011 [Worker-13] WARN  o.e.m.c.i.embedder.EclipseLogger - Using platform encoding (Cp1251 actually) to copy filtered resources, i.e. build is platform dependent!
2017-02-09 17:25:37,018 [Worker-13] INFO  o.e.m.c.i.embedder.EclipseLogger - skip non existing resourceDirectory D:\GitHub\DSCT-Learning\Project-1-Console-Interpreter\src\test\resources
2017-02-09 17:25:38,101 [Worker-8] WARN  o.e.m.c.i.embedder.EclipseLogger - Using platform encoding (Cp1251 actually) to copy filtered resources, i.e. build is platform dependent!
2017-02-09 17:25:38,110 [Worker-8] INFO  o.e.m.c.i.embedder.EclipseLogger - skip non existing resourceDirectory D:\GitHub\DSCT-Learning\Project-1-Console-Interpreter\src\main\resources
2017-02-09 17:25:38,112 [Worker-8] WARN  o.e.m.c.i.embedder.EclipseLogger - Using platform encoding (Cp1251 actually) to copy filtered resources, i.e. build is platform dependent!
2017-02-09 17:25:38,122 [Worker-8] INFO  o.e.m.c.i.embedder.EclipseLogger - skip non existing resourceDirectory D:\GitHub\DSCT-Learning\Project-1-Console-Interpreter\src\test\resources
2017-02-09 17:28:12,936 [Worker-7] WARN  o.e.m.c.i.embedder.EclipseLogger - Using platform encoding (Cp1251 actually) to copy filtered resources, i.e. build is platform dependent!
2017-02-09 17:28:12,946 [Worker-7] INFO  o.e.m.c.i.embedder.EclipseLogger - skip non existing resourceDirectory D:\GitHub\DSCT-Learning\Project-1-Console-Interpreter\src\main\resources
2017-02-09 17:28:12,949 [Worker-7] WARN  o.e.m.c.i.embedder.EclipseLogger - Using platform encoding (Cp1251 actually) to copy filtered resources, i.e. build is platform dependent!
2017-02-09 17:28:12,957 [Worker-7] INFO  o.e.m.c.i.embedder.EclipseLogger - skip non existing resourceDirectory D:\GitHub\DSCT-Learning\Project-1-Console-Interpreter\src\test\resources
2017-02-09 17:28:30,465 [Worker-3] WARN  o.e.m.c.i.embedder.EclipseLogger - Using platform encoding (Cp1251 actually) to copy filtered resources, i.e. build is platform dependent!
2017-02-09 17:28:30,476 [Worker-3] INFO  o.e.m.c.i.embedder.EclipseLogger - skip non existing resourceDirectory D:\GitHub\DSCT-Learning\Project-1-Console-Interpreter\src\main\resources
2017-02-09 17:28:30,479 [Worker-3] WARN  o.e.m.c.i.embedder.EclipseLogger - Using platform encoding (Cp1251 actually) to copy filtered resources, i.e. build is platform dependent!
2017-02-09 17:28:30,490 [Worker-3] INFO  o.e.m.c.i.embedder.EclipseLogger - skip non existing resourceDirectory D:\GitHub\DSCT-Learning\Project-1-Console-Interpreter\src\test\resources
2017-02-09 17:29:16,072 [Worker-10] INFO  o.e.m.c.i.p.ProjectConfigurationManager - Update started
2017-02-09 17:29:17,100 [Worker-10] INFO  o.e.m.c.i.l.LifecycleMappingFactory - Using org.eclipse.m2e.jdt.JarLifecycleMapping lifecycle mapping for MavenProject: DSCT-Learning-Projects:Project-1-Console-Interpreter:0.0.1-SNAPSHOT @ D:\GitHub\DSCT-Learning\Project-1-Console-Interpreter\pom.xml.
2017-02-09 17:29:17,694 [Worker-10] INFO  o.e.m.j.i.AbstractJavaProjectConfigurator - Adding source folder /Project-1-Console-Interpreter/src/main/java
2017-02-09 17:29:17,695 [Worker-10] INFO  o.e.m.j.i.AbstractJavaProjectConfigurator - Adding source folder /Project-1-Console-Interpreter/src/test/java
2017-02-09 17:29:17,804 [Worker-10] INFO  o.e.m.c.i.p.ProjectConfigurationManager - Update completed: 1 sec
2017-02-09 17:29:18,102 [Worker-11] WARN  o.e.m.c.i.embedder.EclipseLogger - Using platform encoding (Cp1251 actually) to copy filtered resources, i.e. build is platform dependent!
2017-02-09 17:29:18,110 [Worker-11] INFO  o.e.m.c.i.embedder.EclipseLogger - skip non existing resourceDirectory D:\GitHub\DSCT-Learning\Project-1-Console-Interpreter\src\main\resources
2017-02-09 17:29:18,115 [Worker-11] WARN  o.e.m.c.i.embedder.EclipseLogger - Using platform encoding (Cp1251 actually) to copy filtered resources, i.e. build is platform dependent!
2017-02-09 17:29:18,122 [Worker-11] INFO  o.e.m.c.i.embedder.EclipseLogger - skip non existing resourceDirectory D:\GitHub\DSCT-Learning\Project-1-Console-Interpreter\src\test\resources
2017-02-09 17:30:53,243 [Worker-7] WARN  o.e.m.c.i.embedder.EclipseLogger - Using platform encoding (Cp1251 actually) to copy filtered resources, i.e. build is platform dependent!
2017-02-09 17:30:53,251 [Worker-7] INFO  o.e.m.c.i.embedder.EclipseLogger - skip non existing resourceDirectory D:\GitHub\DSCT-Learning\Project-1-Console-Interpreter\src\main\resources
2017-02-09 17:30:53,254 [Worker-7] WARN  o.e.m.c.i.embedder.EclipseLogger - Using platform encoding (Cp1251 actually) to copy filtered resources, i.e. build is platform dependent!
2017-02-09 17:30:53,267 [Worker-7] INFO  o.e.m.c.i.embedder.EclipseLogger - skip non existing resourceDirectory D:\GitHub\DSCT-Learning\Project-1-Console-Interpreter\src\test\resources
2017-02-09 17:55:30,942 [Worker-13] INFO  o.e.m.c.i.p.ProjectConfigurationManager - Update started
2017-02-09 17:55:32,439 [Worker-13] INFO  o.e.m.c.i.l.LifecycleMappingFactory - Using org.eclipse.m2e.jdt.JarLifecycleMapping lifecycle mapping for MavenProject: DSCT-Learning-Projects:Project-1-Console-Interpreter:0.0.1-SNAPSHOT @ D:\GitHub\DSCT-Learning\Project-1-Console-Interpreter\pom.xml.
2017-02-09 17:55:33,154 [Worker-13] INFO  o.e.m.j.i.AbstractJavaProjectConfigurator - Adding source folder /Project-1-Console-Interpreter/src/main/java
2017-02-09 17:55:33,154 [Worker-13] INFO  o.e.m.j.i.AbstractJavaProjectConfigurator - Adding source folder /Project-1-Console-Interpreter/src/test/java
2017-02-09 17:55:33,276 [Worker-13] INFO  o.e.m.c.i.p.ProjectConfigurationManager - Update completed: 2 sec
2017-02-09 17:55:33,539 [Worker-4] WARN  o.e.m.c.i.embedder.EclipseLogger - Using platform encoding (Cp1251 actually) to copy filtered resources, i.e. build is platform dependent!
2017-02-09 17:55:33,547 [Worker-4] INFO  o.e.m.c.i.embedder.EclipseLogger - skip non existing resourceDirectory D:\GitHub\DSCT-Learning\Project-1-Console-Interpreter\src\main\resources
2017-02-09 17:55:33,551 [Worker-4] WARN  o.e.m.c.i.embedder.EclipseLogger - Using platform encoding (Cp1251 actually) to copy filtered resources, i.e. build is platform dependent!
2017-02-09 17:55:33,559 [Worker-4] INFO  o.e.m.c.i.embedder.EclipseLogger - skip non existing resourceDirectory D:\GitHub\DSCT-Learning\Project-1-Console-Interpreter\src\test\resources
2017-02-10 16:03:24,463 [Worker-0] INFO  c.g.t.t.d.PublishedGradleVersions - Gradle version information cache is up-to-date. Trying to read.
2017-02-10 16:04:10,021 [Worker-1] INFO  o.e.m.c.i.l.LifecycleMappingFactory - Using org.eclipse.m2e.jdt.JarLifecycleMapping lifecycle mapping for MavenProject: DSCT-Learning-Projects:Project-1-Console-Interpreter:0.0.1-SNAPSHOT @ D:\GitHub\DSCT-Learning\Project-1-Console-Interpreter\pom.xml.
2017-02-10 16:04:15,999 [Worker-1] WARN  o.e.m.c.i.embedder.EclipseLogger - Using platform encoding (Cp1251 actually) to copy filtered resources, i.e. build is platform dependent!
2017-02-10 16:04:16,247 [Worker-4] INFO  o.e.m.c.i.l.LifecycleMappingFactory - Using org.eclipse.m2e.jdt.JarLifecycleMapping lifecycle mapping for MavenProject: DSCT-Learning-Projects:Project-1-Console-Interpreter:0.0.1-SNAPSHOT @ D:\GitHub\DSCT-Learning\Project-1-Console-Interpreter\pom.xml.
2017-02-10 16:04:16,270 [Worker-1] INFO  o.e.m.c.i.embedder.EclipseLogger - skip non existing resourceDirectory D:\GitHub\DSCT-Learning\Project-1-Console-Interpreter\src\main\resources
2017-02-10 16:04:16,274 [Worker-1] WARN  o.e.m.c.i.embedder.EclipseLogger - Using platform encoding (Cp1251 actually) to copy filtered resources, i.e. build is platform dependent!
2017-02-10 16:04:16,322 [Worker-1] INFO  o.e.m.c.i.embedder.EclipseLogger - skip non existing resourceDirectory D:\GitHub\DSCT-Learning\Project-1-Console-Interpreter\src\test\resources
2017-02-10 16:04:17,910 [Worker-7] WARN  o.e.m.c.i.embedder.EclipseLogger - Using platform encoding (Cp1251 actually) to copy filtered resources, i.e. build is platform dependent!
2017-02-10 16:04:17,986 [Worker-7] INFO  o.e.m.c.i.embedder.EclipseLogger - skip non existing resourceDirectory D:\GitHub\DSCT-Learning\Project-1-Console-Interpreter\src\main\resources
2017-02-10 16:04:17,988 [Worker-7] WARN  o.e.m.c.i.embedder.EclipseLogger - Using platform encoding (Cp1251 actually) to copy filtered resources, i.e. build is platform dependent!
2017-02-10 16:04:18,120 [Worker-7] INFO  o.e.m.c.i.embedder.EclipseLogger - skip non existing resourceDirectory D:\GitHub\DSCT-Learning\Project-1-Console-Interpreter\src\test\resources
2017-02-10 16:05:44,577 [Worker-14] INFO  o.e.m.c.i.p.ProjectConfigurationManager - Update started
2017-02-10 16:05:45,626 [Worker-14] INFO  o.e.m.c.i.l.LifecycleMappingFactory - Using org.eclipse.m2e.jdt.JarLifecycleMapping lifecycle mapping for MavenProject: DSCT-Learning-Projects:Project-1-Console-Interpreter:0.0.1-SNAPSHOT @ D:\GitHub\DSCT-Learning\Project-1-Console-Interpreter\pom.xml.
2017-02-10 16:05:46,344 [Worker-14] INFO  o.e.m.j.i.AbstractJavaProjectConfigurator - Adding source folder /Project-1-Console-Interpreter/src/main/java
2017-02-10 16:05:46,345 [Worker-14] INFO  o.e.m.j.i.AbstractJavaProjectConfigurator - Adding source folder /Project-1-Console-Interpreter/src/test/java
2017-02-10 16:05:46,489 [Worker-14] INFO  o.e.m.c.i.p.ProjectConfigurationManager - Update completed: 1 sec
2017-02-10 16:05:46,820 [Worker-0] WARN  o.e.m.c.i.embedder.EclipseLogger - Using platform encoding (Cp1251 actually) to copy filtered resources, i.e. build is platform dependent!
2017-02-10 16:05:46,833 [Worker-0] INFO  o.e.m.c.i.embedder.EclipseLogger - skip non existing resourceDirectory D:\GitHub\DSCT-Learning\Project-1-Console-Interpreter\src\main\resources
2017-02-10 16:05:46,836 [Worker-0] WARN  o.e.m.c.i.embedder.EclipseLogger - Using platform encoding (Cp1251 actually) to copy filtered resources, i.e. build is platform dependent!
2017-02-10 16:05:46,843 [Worker-0] INFO  o.e.m.c.i.embedder.EclipseLogger - skip non existing resourceDirectory D:\GitHub\DSCT-Learning\Project-1-Console-Interpreter\src\test\resources
2017-02-10 17:33:44,322 [Worker-17] WARN  o.e.m.c.i.embedder.EclipseLogger - Using platform encoding (Cp1251 actually) to copy filtered resources, i.e. build is platform dependent!
2017-02-10 17:33:44,353 [Worker-17] INFO  o.e.m.c.i.embedder.EclipseLogger - skip non existing resourceDirectory D:\GitHub\DSCT-Learning\Project-1-Console-Interpreter\src\main\resources
2017-02-10 17:33:44,357 [Worker-17] WARN  o.e.m.c.i.embedder.EclipseLogger - Using platform encoding (Cp1251 actually) to copy filtered resources, i.e. build is platform dependent!
2017-02-10 17:33:44,375 [Worker-17] INFO  o.e.m.c.i.embedder.EclipseLogger - skip non existing resourceDirectory D:\GitHub\DSCT-Learning\Project-1-Console-Interpreter\src\test\resources
2017-02-10 17:33:48,434 [Worker-15] INFO  o.e.m.c.i.p.ProjectConfigurationManager - Update started
2017-02-10 17:33:57,725 [Worker-15] INFO  o.e.m.c.i.l.LifecycleMappingFactory - Using org.eclipse.m2e.jdt.JarLifecycleMapping lifecycle mapping for MavenProject: DSCT-Learning-Projects:Project-1-Console-Interpreter:0.0.1-SNAPSHOT @ D:\GitHub\DSCT-Learning\Project-1-Console-Interpreter\pom.xml.
2017-02-10 17:33:59,496 [Worker-15] INFO  o.e.m.j.i.AbstractJavaProjectConfigurator - Adding source folder /Project-1-Console-Interpreter/src/main/java
2017-02-10 17:33:59,497 [Worker-15] INFO  o.e.m.j.i.AbstractJavaProjectConfigurator - Adding source folder /Project-1-Console-Interpreter/src/test/java
2017-02-10 17:33:59,590 [Worker-15] INFO  o.e.m.c.i.p.ProjectConfigurationManager - Update completed: 11 sec
2017-02-10 17:33:59,822 [Worker-24] WARN  o.e.m.c.i.embedder.EclipseLogger - Using platform encoding (Cp1251 actually) to copy filtered resources, i.e. build is platform dependent!
2017-02-10 17:33:59,886 [Worker-24] INFO  o.e.m.c.i.embedder.EclipseLogger - skip non existing resourceDirectory D:\GitHub\DSCT-Learning\Project-1-Console-Interpreter\src\main\resources
2017-02-10 17:33:59,890 [Worker-24] WARN  o.e.m.c.i.embedder.EclipseLogger - Using platform encoding (Cp1251 actually) to copy filtered resources, i.e. build is platform dependent!
2017-02-10 17:33:59,902 [Worker-24] INFO  o.e.m.c.i.embedder.EclipseLogger - skip non existing resourceDirectory D:\GitHub\DSCT-Learning\Project-1-Console-Interpreter\src\test\resources
2017-02-10 17:41:03,431 [Worker-15] WARN  o.e.m.c.i.embedder.EclipseLogger - Using platform encoding (Cp1251 actually) to copy filtered resources, i.e. build is platform dependent!
2017-02-10 17:41:03,475 [Worker-15] INFO  o.e.m.c.i.embedder.EclipseLogger - skip non existing resourceDirectory D:\GitHub\DSCT-Learning\Project-1-Console-Interpreter\src\main\resources
2017-02-10 17:41:03,477 [Worker-15] WARN  o.e.m.c.i.embedder.EclipseLogger - Using platform encoding (Cp1251 actually) to copy filtered resources, i.e. build is platform dependent!
2017-02-10 17:41:03,488 [Worker-15] INFO  o.e.m.c.i.embedder.EclipseLogger - skip non existing resourceDirectory D:\GitHub\DSCT-Learning\Project-1-Console-Interpreter\src\test\resources
2017-02-10 17:50:07,504 [Worker-24] INFO  o.e.m.c.i.p.ProjectConfigurationManager - Update started
2017-02-10 17:50:09,727 [Worker-24] INFO  o.e.m.c.i.l.LifecycleMappingFactory - Using org.eclipse.m2e.jdt.JarLifecycleMapping lifecycle mapping for MavenProject: DSCT-Learning-Projects:Project-1-Console-Interpreter:0.0.1-SNAPSHOT @ D:\GitHub\DSCT-Learning\Project-1-Console-Interpreter\pom.xml.
2017-02-10 17:50:10,560 [Worker-24] INFO  o.e.m.j.i.AbstractJavaProjectConfigurator - Adding source folder /Project-1-Console-Interpreter/src/main/java
2017-02-10 17:50:10,560 [Worker-24] INFO  o.e.m.j.i.AbstractJavaProjectConfigurator - Adding source folder /Project-1-Console-Interpreter/src/test/java
2017-02-10 17:50:10,683 [Worker-24] INFO  o.e.m.c.i.p.ProjectConfigurationManager - Update completed: 3 sec
2017-02-10 17:50:10,939 [Worker-26] WARN  o.e.m.c.i.embedder.EclipseLogger - Using platform encoding (Cp1251 actually) to copy filtered resources, i.e. build is platform dependent!
2017-02-10 17:50:11,006 [Worker-26] INFO  o.e.m.c.i.embedder.EclipseLogger - skip non existing resourceDirectory D:\GitHub\DSCT-Learning\Project-1-Console-Interpreter\src\main\resources
2017-02-10 17:50:11,010 [Worker-26] WARN  o.e.m.c.i.embedder.EclipseLogger - Using platform encoding (Cp1251 actually) to copy filtered resources, i.e. build is platform dependent!
2017-02-10 17:50:11,019 [Worker-26] INFO  o.e.m.c.i.embedder.EclipseLogger - skip non existing resourceDirectory D:\GitHub\DSCT-Learning\Project-1-Console-Interpreter\src\test\resources
